<?xml version="1.0" encoding="UTF-8"?>
<testsuite xmlns:xsi="http://www.w3.org/2001/XMLSchema-instance" xsi:noNamespaceSchemaLocation="https://maven.apache.org/surefire/maven-surefire-plugin/xsd/surefire-test-report-3.0.xsd" version="3.0" name="cucumber.Options.TestRunner" time="2.912" tests="2" errors="2" skipped="0" failures="0">
  <properties>
[...]
</properties>
  <testcase name="Verify if Place is being Succesfully added using AddPlaceAPI" classname="Validating Place API&apos;s" time="1.442">
    <error message="C:\Users\Fleek\eclipse-workspace\APIFramework\src\test\java\resources\global.properties (The system cannot find the path specified)" type="java.io.FileNotFoundException"><![CDATA[java.io.FileNotFoundException: C:\Users\Fleek\eclipse-workspace\APIFramework\src\test\java\resources\global.properties (The system cannot find the path specified)
	at java.base/java.io.FileInputStream.open0(Native Method)
	at java.base/java.io.FileInputStream.open(FileInputStream.java:213)
	at java.base/java.io.FileInputStream.<init>(FileInputStream.java:152)
	at java.base/java.io.FileInputStream.<init>(FileInputStream.java:106)
	at resources.Utils.getGlobalvalues(Utils.java:43)
	at resources.Utils.requestSpecification(Utils.java:28)
	at StepDefination.stepdefination.add_place_payload(stepdefination.java:42)
	at ✽.Add Place Payload "Sanju" "English" "Graphix tower"(file:///C:/Users/Himanshu/eclipse-workspace/RestAssured_1/src/test/java/Features/placeValidation.feature:12)
]]></error>
  </testcase>
  <testcase name="Verify if Delete Place Functiuonality is working" classname="Validating Place API&apos;s" time="0.014">
    <error message="C:\Users\Fleek\eclipse-workspace\APIFramework\src\test\java\resources\global.properties (The system cannot find the path specified)" type="java.io.FileNotFoundException"><![CDATA[java.io.FileNotFoundException: C:\Users\Fleek\eclipse-workspace\APIFramework\src\test\java\resources\global.properties (The system cannot find the path specified)
	at java.base/java.io.FileInputStream.open0(Native Method)
	at java.base/java.io.FileInputStream.open(FileInputStream.java:213)
	at java.base/java.io.FileInputStream.<init>(FileInputStream.java:152)
	at java.base/java.io.FileInputStream.<init>(FileInputStream.java:106)
	at resources.Utils.getGlobalvalues(Utils.java:43)
	at resources.Utils.requestSpecification(Utils.java:28)
	at StepDefination.stepdefination.add_place_payload(stepdefination.java:42)
	at StepDefination.Hooks.beforeScenarios(Hooks.java:14)
]]></error>
  </testcase>
</testsuite>